Determining if the pthread_create exist failed with the following output:
Change Dir: /media/chino/HD-PSFU3/testbar/ORB_SLAM2/Examples/ROS/ORB_SLAM2/build/CMakeFiles/CMakeTmp

Run Build Command:"/usr/bin/make" "cmTC_dfb77/fast"
/usr/bin/make -f CMakeFiles/cmTC_dfb77.dir/build.make CMakeFiles/cmTC_dfb77.dir/build
make[1]: Entering directory '/media/chino/HD-PSFU3/testbar/ORB_SLAM2/Examples/ROS/ORB_SLAM2/build/CMakeFiles/CMakeTmp'
Building C object CMakeFiles/cmTC_dfb77.dir/CheckSymbolExists.c.o
/usr/bin/cc     -o CMakeFiles/cmTC_dfb77.dir/CheckSymbolExists.c.o   -c /media/chino/HD-PSFU3/testbar/ORB_SLAM2/Examples/ROS/ORB_SLAM2/build/CMakeFiles/CMakeTmp/CheckSymbolExists.c
Linking C executable cmTC_dfb77
/usr/bin/cmake -E cmake_link_script CMakeFiles/cmTC_dfb77.dir/link.txt --verbose=1
/usr/bin/cc       CMakeFiles/cmTC_dfb77.dir/CheckSymbolExists.c.o  -o cmTC_dfb77 -rdynamic 
CMakeFiles/cmTC_dfb77.dir/CheckSymbolExists.c.o: In function `main':
CheckSymbolExists.c:(.text+0x16): undefined reference to `pthread_create'
collect2: error: ld returned 1 exit status
CMakeFiles/cmTC_dfb77.dir/build.make:97: recipe for target 'cmTC_dfb77' failed
make[1]: *** [cmTC_dfb77] Error 1
make[1]: Leaving directory '/media/chino/HD-PSFU3/testbar/ORB_SLAM2/Examples/ROS/ORB_SLAM2/build/CMakeFiles/CMakeTmp'
Makefile:126: recipe for target 'cmTC_dfb77/fast' failed
make: *** [cmTC_dfb77/fast] Error 2

File /media/chino/HD-PSFU3/testbar/ORB_SLAM2/Examples/ROS/ORB_SLAM2/build/CMakeFiles/CMakeTmp/CheckSymbolExists.c:
/* */
#include <pthread.h>

int main(int argc, char** argv)
{
  (void)argv;
#ifndef pthread_create
  return ((int*)(&pthread_create))[argc];
#else
  (void)argc;
  return 0;
#endif
}

Determining if the function pthread_create exists in the pthreads failed with the following output:
Change Dir: /media/chino/HD-PSFU3/testbar/ORB_SLAM2/Examples/ROS/ORB_SLAM2/build/CMakeFiles/CMakeTmp

Run Build Command:"/usr/bin/make" "cmTC_5ca7e/fast"
/usr/bin/make -f CMakeFiles/cmTC_5ca7e.dir/build.make CMakeFiles/cmTC_5ca7e.dir/build
make[1]: Entering directory '/media/chino/HD-PSFU3/testbar/ORB_SLAM2/Examples/ROS/ORB_SLAM2/build/CMakeFiles/CMakeTmp'
Building C object CMakeFiles/cmTC_5ca7e.dir/CheckFunctionExists.c.o
/usr/bin/cc    -DCHECK_FUNCTION_EXISTS=pthread_create   -o CMakeFiles/cmTC_5ca7e.dir/CheckFunctionExists.c.o   -c /usr/share/cmake-3.5/Modules/CheckFunctionExists.c
Linking C executable cmTC_5ca7e
/usr/bin/cmake -E cmake_link_script CMakeFiles/cmTC_5ca7e.dir/link.txt --verbose=1
/usr/bin/cc   -DCHECK_FUNCTION_EXISTS=pthread_create    CMakeFiles/cmTC_5ca7e.dir/CheckFunctionExists.c.o  -o cmTC_5ca7e -rdynamic -lpthreads 
/usr/bin/ld: cannot find -lpthreads
collect2: error: ld returned 1 exit status
CMakeFiles/cmTC_5ca7e.dir/build.make:97: recipe for target 'cmTC_5ca7e' failed
make[1]: *** [cmTC_5ca7e] Error 1
make[1]: Leaving directory '/media/chino/HD-PSFU3/testbar/ORB_SLAM2/Examples/ROS/ORB_SLAM2/build/CMakeFiles/CMakeTmp'
Makefile:126: recipe for target 'cmTC_5ca7e/fast' failed
make: *** [cmTC_5ca7e/fast] Error 2


